0.953273 0.949517
0.958503 0.949517
0.956146 0.951029
0.959655 0.95098
0.95491 0.952495
0.955282 0.952109
0.955922 0.951592
0.954112 0.952414
0.952872 0.95245
0.953028 0.952449
0.957546 0.952449
0.955617 0.953852
0.96006 0.95532
0.956359 0.955204
0.95494 0.954324
0.959679 0.955574
0.963835 0.956776
0.961921 0.958252
0.957035 0.958314
0.957486 0.956137
0.954646 0.950655
0.951341 0.94317
0.945596 0.935542
0.937674 0.928735
0.928749 0.922794
0.92518 0.918559
0.922139 0.91562
0.920929 0.914147
0.921227 0.913068
0.92593 0.911272
0.923914 0.91036
0.923323 0.909815
0.921242 0.908897
0.917416 0.908458
0.911555 0.908448
0.909555 0.909009
0.915898 0.91101
0.919319 0.915047
0.922929 0.919426
0.926381 0.921876
0.927611 0.923134
0.929327 0.924648
0.926033 0.926225
0.925417 0.926058
0.923341 0.926065
0.929543 0.926065
0.927742 0.927301
0.930727 0.927565
0.931167 0.928963
0.931225 0.930401
0.930972 0.930464
0.932636 0.930462
0.932177 0.930462
0.931767 0.930462
0.928663 0.930462
0.928503 0.930462
0.926262 0.931072
0.925753 0.93044
0.925291 0.930463
0.929118 0.930462
0.929974 0.930462
0.928881 0.931512
0.931197 0.932034
0.931167 0.933434
0.933012 0.93339
0.93441 0.934915
0.935544 0.936518
0.937425 0.93632
0.934829 0.93578
0.937057 0.932159
0.937968 0.929024
0.932655 0.926098
0.931218 0.92606
0.925901 0.926065
0.929244 0.926065
0.931608 0.927606
0.9334 0.929188
0.934054 0.930621
0.935178 0.931967
0.940105 0.932408
0.937621 0.933388
0.93567 0.933394
0.937813 0.934549
0.936776 0.936331
0.935812 0.937802
0.936013 0.939306
0.939431 0.939432
0.939903 0.940905
0.940368 0.942738
0.94143 0.943694
0.940625 0.944973
0.943866 0.945177
0.940501 0.945117
0.941848 0.94512
0.937843 0.94512
0.939037 0.944941
0.936499 0.943532
0.930882 0.94363
0.933223 0.941172
0.931619 0.940159
0.935163 0.939085
0.933828 0.938954
0.930785 0.937803
0.931398 0.937785
0.932957 0.937791
0.931459 0.936291
0.930666 0.933839
0.928985 0.932326
0.92503 0.930282
0.923789 0.932436
0.9216 0.93396
0.924318 0.936539
0.927256 0.936498
0.926609 0.937795
0.933033 0.940824
0.93939 0.943778
0.94838 0.948094
0.947747 0.953796
0.950415 0.959024
0.954842 0.962887
0.953297 0.965808
0.95503 0.967265
0.952 0.9671
0.952112 0.966058
0.952283 0.962552
0.948941 0.956956
0.946029 0.950663
0.943412 0.947064
0.940215 0.945164
0.93702 0.945119
0.940658 0.946275
0.942814 0.947634
0.947629 0.948068
0.947456 0.948078
0.948503 0.948278
0.948411 0.948047
0.946966 0.947716
0.947182 0.946593
0.944641 0.946039
0.94423 0.945099
0.947156 0.943718
0.943167 0.942052
0.941975 0.940324
0.950256 0.9393
0.947622 0.940708
0.944274 0.942304
0.945413 0.943769
0.946159 0.943194
0.944049 0.941114
0.946772 0.939077
